[21:41:55] [Client thread/INFO]: Setting user: Player781
[21:41:56] [Client thread/INFO]: LWJGL Version: 2.9.2
[21:41:58] [Client thread/INFO]: Reloading ResourceManager: Default, FMLFileResourcePack:Forge Mod Loader, FMLFileResourcePack:Minecraft Forge, FMLFileResourcePack:Mod Name
[21:41:59] [Sound Library Loader/INFO]: Starting up SoundSystem...
[21:41:59] [Thread-7/INFO]: Initializing LWJGL OpenAL
[21:41:59] [Thread-7/INFO]: (The LWJGL binding of OpenAL.  For more information, see http://www.lwjgl.org)
[21:41:59] [Thread-7/INFO]: OpenAL initialized.
[21:41:59] [Sound Library Loader/INFO]: Sound engine started
[21:42:01] [Client thread/INFO]: Created: 16x16 textures-atlas
[21:42:02] [Client thread/INFO]: Reloading ResourceManager: Default, FMLFileResourcePack:Forge Mod Loader, FMLFileResourcePack:Minecraft Forge, FMLFileResourcePack:Mod Name
[21:42:02] [Client thread/INFO]: SoundSystem shutting down...
[21:42:02] [Client thread/WARN]: Author: Paul Lamb, www.paulscode.com
[21:42:02] [Sound Library Loader/INFO]: Starting up SoundSystem...
[21:42:03] [Thread-9/INFO]: Initializing LWJGL OpenAL
[21:42:03] [Thread-9/INFO]: (The LWJGL binding of OpenAL.  For more information, see http://www.lwjgl.org)
[21:42:03] [Thread-9/INFO]: OpenAL initialized.
[21:42:03] [Sound Library Loader/INFO]: Sound engine started
[21:42:04] [Client thread/INFO]: Created: 512x512 textures-atlas
[21:42:05] [Realms Notification Availability checker #1/INFO]: Could not authorize you against Realms server: Invalid session id
[21:42:09] [Realms Notification Availability checker #1/INFO]: Could not authorize you against Realms server: Invalid session id
[21:42:10] [Server thread/INFO]: Starting integrated minecraft server version 1.8.9
[21:42:10] [Server thread/INFO]: Generating keypair
[21:42:10] [Server thread/INFO]: Preparing start region for level 0
[21:42:11] [Realms Notification Availability checker #1/INFO]: Could not authorize you against Realms server: Invalid session id
[21:42:11] [Server thread/INFO]: Changing view distance to 12, from 10
[21:42:11] [Server thread/INFO]: Player781[local:E:b869ff7e] logged in with entity id 340 at (-219.8245934123753, 66.0, 187.29275391721794)
[21:42:11] [Server thread/INFO]: Player781 joined the game
[21:42:14] [Server thread/INFO]: Saving and pausing game...
[21:42:14] [Server thread/INFO]: Saving chunks for level 'Testing World'/Overworld
[21:42:15] [Server thread/INFO]: Saving chunks for level 'Testing World'/Nether
[21:42:15] [Server thread/INFO]: Saving chunks for level 'Testing World'/The End
[21:42:16] [Server thread/INFO]: Stopping server
[21:42:16] [Server thread/INFO]: Saving players
[21:42:16] [Server thread/INFO]: Saving worlds
[21:42:16] [Server thread/INFO]: Saving chunks for level 'Testing World'/Overworld
[21:42:16] [Server thread/INFO]: Saving chunks for level 'Testing World'/Nether
[21:42:16] [Server thread/INFO]: Saving chunks for level 'Testing World'/The End
[21:42:17] [Realms Notification Availability checker #1/INFO]: Could not authorize you against Realms server: Invalid session id
[21:42:17] [Client thread/INFO]: Stopping!
[21:42:17] [Client thread/INFO]: SoundSystem shutting down...
[21:42:17] [Client thread/WARN]: Author: Paul Lamb, www.paulscode.com
