[19:35:39] [main/INFO]: Loading tweak class name cpw.mods.fml.common.launcher.FMLTweaker
[19:35:39] [main/ERROR]: Unable to launch
java.lang.ClassNotFoundException: cpw.mods.fml.common.launcher.FMLTweaker
	at java.net.URLClassLoader$1.run(URLClassLoader.java:366) ~[?:1.7.0_67]
	at java.net.URLClassLoader$1.run(URLClassLoader.java:355) ~[?:1.7.0_67]
	at java.security.AccessController.doPrivileged(Native Method) ~[?:1.7.0_67]
	at java.net.URLClassLoader.findClass(URLClassLoader.java:354) ~[?:1.7.0_67]
	at java.lang.ClassLoader.loadClass(ClassLoader.java:425) ~[?:1.7.0_67]
	at sun.misc.Launcher$AppClassLoader.loadClass(Launcher.java:308) ~[?:1.7.0_67]
	at java.lang.ClassLoader.loadClass(ClassLoader.java:358) ~[?:1.7.0_67]
	at net.minecraft.launchwrapper.LaunchClassLoader.findClass(LaunchClassLoader.java:106) ~[launchwrapper-1.12.jar:?]
	at java.lang.ClassLoader.loadClass(ClassLoader.java:425) ~[?:1.7.0_67]
	at java.lang.ClassLoader.loadClass(ClassLoader.java:358) ~[?:1.7.0_67]
	at java.lang.Class.forName0(Native Method) ~[?:1.7.0_67]
	at java.lang.Class.forName(Class.java:270) ~[?:1.7.0_67]
	at net.minecraft.launchwrapper.Launch.launch(Launch.java:98) [launchwrapper-1.12.jar:?]
	at net.minecraft.launchwrapper.Launch.main(Launch.java:28) [launchwrapper-1.12.jar:?]
	at sun.reflect.NativeMethodAccessorImpl.invoke0(Native Method) ~[?:1.7.0_67]
	at sun.reflect.NativeMethodAccessorImpl.invoke(NativeMethodAccessorImpl.java:57) ~[?:1.7.0_67]
	at sun.reflect.DelegatingMethodAccessorImpl.invoke(DelegatingMethodAccessorImpl.java:43) ~[?:1.7.0_67]
	at java.lang.reflect.Method.invoke(Method.java:606) ~[?:1.7.0_67]
	at com.intellij.rt.execution.application.AppMain.main(AppMain.java:144) [idea_rt.jar:?]
